// <autogenerated>
//   This file contains the list of files generated by WcfServiceCodeGen.tt.
//   It is used by T4 Toolbox (http://www.codeplex.com/t4toolbox) to automatically delete
//   generated files that are no longer necessary. Do not modify this file manually. Manual
//   changes may cause orphaned files and will be lost next time the code is regenerated.
// </autogenerated>
.\base\SearchServiceBase.generated.cs
.\Interfaces\ISearchService.generated.cs
.\base\SearchServiceRequest.generated.cs
.\base\SearchServiceResponse.generated.cs
.\base\SearchRequest.generated.cs
.\base\SearchResponse.generated.cs
.\base\GetSearchResultsRequest.generated.cs
.\base\GetSearchResultsResponse.generated.cs
.\base\ValuationRequest.generated.cs
.\base\ValuationResponse.generated.cs
.\base\ReservationRequest.generated.cs
.\base\ReservationResponse.generated.cs
.\base\CancelRequest.generated.cs
.\base\CancelResponse.generated.cs
.\base\GetCityAutoCompleteRequest.generated.cs
.\base\GetCityAutoCompleteResponse.generated.cs
.\WcfServiceCodeGen.tt.log
